\BOOKMARK [1][-]{section.1}{\376\377\236\330\200\314\116\000\116\007\220\115\166\204\154\350\141\017\116\213\230\171}{}% 1
\BOOKMARK [2][-]{subsection.1.1}{\376\377\155\156\160\271}{section.1}% 2
\BOOKMARK [2][-]{subsection.1.2}{\376\377\145\164\145\160\174\173\127\213\203\003\126\364}{section.1}% 3
\BOOKMARK [2][-]{subsection.1.3}{\376\377\160\355\216\253\215\133}{section.1}% 4
\BOOKMARK [2][-]{subsection.1.4}{\376\377\213\241\173\227\126\150}{section.1}% 5
\BOOKMARK [2][-]{subsection.1.5}{\376\377\000A\000t\000t\000e\000n\000t\000i\000o\000n}{section.1}% 6
\BOOKMARK [2][-]{subsection.1.6}{\376\377\000D\000e\000b\000u\000g}{section.1}% 7
\BOOKMARK [2][-]{subsection.1.7}{\376\377\142\123\210\150\142\176\211\304\137\213}{section.1}% 8
\BOOKMARK [2][-]{subsection.1.8}{\376\377\117\030\123\026}{section.1}% 9
\BOOKMARK [1][-]{section.2}{\376\377\126\376\213\272\000G\000r\000a\000p\000h\000\040\000T\000h\000e\000o\000r\000y}{}% 10
\BOOKMARK [2][-]{subsection.2.1}{\376\377\147\000\167\355\215\357\000T\000h\000e\000\040\000s\000h\000o\000r\000t\000e\000s\000t\000\040\000p\000a\000t\000h}{section.2}% 11
\BOOKMARK [3][-]{subsubsection.2.1.1}{\376\377\000D\000i\000j\000k\000s\000t\000r\000a}{subsection.2.1}% 12
\BOOKMARK [3][-]{subsubsection.2.1.2}{\376\377\000S\000p\000f\000a}{subsection.2.1}% 13
\BOOKMARK [3][-]{subsubsection.2.1.3}{\376\377\153\041\167\355\215\357}{subsection.2.1}% 14
\BOOKMARK [3][-]{subsubsection.2.1.4}{\376\377\173\054\000K\167\355\215\357}{subsection.2.1}% 15
\BOOKMARK [2][-]{subsection.2.2}{\376\377\147\000\134\017\165\037\142\020\150\021\000M\000i\000n\000i\000m\000u\000m\000\040\000s\000p\000a\000n\000n\000i\000n\000g\000\040\000t\000r\000e\000e}{section.2}% 16
\BOOKMARK [3][-]{subsubsection.2.2.1}{\376\377\000K\000r\000u\000s\000k\000a\000l}{subsection.2.2}% 17
\BOOKMARK [3][-]{subsubsection.2.2.2}{\376\377\000P\000r\000i\000m}{subsection.2.2}% 18
\BOOKMARK [2][-]{subsection.2.3}{\376\377\153\041\134\017\165\037\142\020\150\021}{section.2}% 19
\BOOKMARK [2][-]{subsection.2.4}{\376\377\177\121\176\334\155\101\000N\000e\000t\000w\000o\000r\000k\000\040\000f\000l\000o\000w}{section.2}% 20
\BOOKMARK [3][-]{subsubsection.2.4.1}{\376\377\147\000\131\047\155\101\000-\000D\000i\000n\000i\000c}{subsection.2.4}% 21
\BOOKMARK [3][-]{subsubsection.2.4.2}{\376\377\147\000\131\047\155\101\000-\000I\000S\000A\000P}{subsection.2.4}% 22
\BOOKMARK [3][-]{subsubsection.2.4.3}{\376\377\147\000\134\017\215\071\165\050\147\000\131\047\155\101\000-\000E\000d\000m\000o\000n\000d\000s\000K\000a\000r\000p}{subsection.2.4}% 23
\BOOKMARK [3][-]{subsubsection.2.4.4}{\376\377\136\372\126\376\000-\147\011\116\012\116\013\165\114\166\204\123\357\210\114\155\101}{subsection.2.4}% 24
\BOOKMARK [2][-]{subsection.2.5}{\376\377\137\072\217\336\220\032\177\051\160\271\000t\000a\000r\000j\000a\000n}{section.2}% 25
\BOOKMARK [2][-]{subsection.2.6}{\376\377\147\000\217\321\121\154\121\161\171\126\121\110\000L\000C\000A}{section.2}% 26
\BOOKMARK [3][-]{subsubsection.2.6.1}{\376\377\000t\000a\000r\000j\000a\000n}{subsection.2.6}% 27
\BOOKMARK [3][-]{subsubsection.2.6.2}{\376\377\000S\000T\210\150}{subsection.2.6}% 28
\BOOKMARK [2][-]{subsection.2.7}{\376\377\153\047\142\311\126\336\215\357}{section.2}% 29
\BOOKMARK [3][-]{subsubsection.2.7.1}{\376\377\122\044\133\232}{subsection.2.7}% 30
\BOOKMARK [3][-]{subsubsection.2.7.2}{\376\377\154\102\211\343}{subsection.2.7}% 31
\BOOKMARK [1][-]{section.3}{\376\377\145\160\143\156\176\323\147\204\000D\000a\000t\000a\000\040\000S\000t\000r\000u\000c\000t\000u\000r\000e}{}% 32
\BOOKMARK [2][-]{subsection.3.1}{\376\377\136\166\147\345\226\306\000U\000n\000i\000o\000n\000-\000F\000i\000n\000d\000\040\000S\000e\000t}{section.3}% 33
\BOOKMARK [2][-]{subsection.3.2}{\376\377\142\323\142\121\143\222\136\217\000T\000o\000p\000o\000l\000o\000g\000i\000c\000a\000l\000\040\000S\000o\000r\000t\000i\000n\000g}{section.3}% 34
\BOOKMARK [2][-]{subsection.3.3}{\376\377\150\021\162\266\145\160\176\304}{section.3}% 35
\BOOKMARK [2][-]{subsection.3.4}{\376\377\000R\000M\000Q}{section.3}% 36
\BOOKMARK [2][-]{subsection.3.5}{\376\377\210\150\217\276\137\017\150\021}{section.3}% 37
\BOOKMARK [2][-]{subsection.3.6}{\376\377\176\277\153\265\150\021\000S\000e\000g\000m\000e\000n\000t\000\040\000T\000r\000e\000e}{section.3}% 38
\BOOKMARK [3][-]{subsubsection.3.6.1}{\376\377\127\372\170\100}{subsection.3.6}% 39
\BOOKMARK [3][-]{subsubsection.3.6.2}{\376\377\176\364\142\244\176\277\140\047\123\330\123\026}{subsection.3.6}% 40
\BOOKMARK [2][-]{subsection.3.7}{\376\377\123\357\143\001\116\105\123\026\145\160\143\156\176\323\147\204}{section.3}% 41
\BOOKMARK [3][-]{subsubsection.3.7.1}{\376\377\0000\0001\133\127\121\170\150\021}{subsection.3.7}% 42
\BOOKMARK [3][-]{subsubsection.3.7.2}{\376\377\147\103\120\074\176\277\153\265\150\021}{subsection.3.7}% 43
\BOOKMARK [2][-]{subsection.3.8}{\376\377\150\021\224\376\122\126\122\006\000H\000e\000a\000v\000y\000L\000i\000g\000h\000t\000D\000e\000c\000o\000m\000p\000o\000s\000i\000t\000i\000o\000n}{section.3}% 44
\BOOKMARK [2][-]{subsection.3.9}{\376\377\117\070\134\125\150\021\000s\000p\000l\000a\000y}{section.3}% 45
\BOOKMARK [3][-]{subsubsection.3.9.1}{\376\377\176\364\142\244\136\217\122\027}{subsection.3.9}% 46
\BOOKMARK [3][-]{subsubsection.3.9.2}{\376\377\136\163\210\141\150\021\000\050\000c\000c\000\051}{subsection.3.9}% 47
\BOOKMARK [2][-]{subsection.3.10}{\376\377\000T\000r\000e\000a\000p}{section.3}% 48
\BOOKMARK [1][-]{section.4}{\376\377\145\160\133\146\000M\000a\000t\000h}{}% 49
\BOOKMARK [2][-]{subsection.4.1}{\376\377\137\353\220\037\116\130\000-\137\353\220\037\136\102}{section.4}% 50
\BOOKMARK [2][-]{subsection.4.2}{\376\377\167\351\226\065\137\353\220\037\136\102}{section.4}% 51
\BOOKMARK [2][-]{subsection.4.3}{\376\377\142\151\134\125\153\047\121\340\221\314\137\227}{section.4}% 52
\BOOKMARK [2][-]{subsection.4.4}{\376\377\173\133\154\325\154\102\175\040\145\160}{section.4}% 53
\BOOKMARK [3][-]{subsubsection.4.4.1}{\376\377\127\303\137\017\173\133}{subsection.4.4}% 54
\BOOKMARK [2][-]{subsection.4.5}{\376\377\153\047\142\311\173\133\176\277\140\047\173\133}{section.4}% 55
\BOOKMARK [3][-]{subsubsection.4.5.1}{\376\377\123\072\225\364\173\133}{subsection.4.5}% 56
\BOOKMARK [2][-]{subsection.4.6}{\376\377\220\006\121\103}{section.4}% 57
\BOOKMARK [3][-]{subsubsection.4.6.1}{\376\377\152\041\000n\116\013\000a\166\204\220\006\121\103}{subsection.4.6}% 58
\BOOKMARK [3][-]{subsubsection.4.6.2}{\376\377\176\277\140\047\154\102\220\006\121\103}{subsection.4.6}% 59
\BOOKMARK [2][-]{subsection.4.7}{\376\377\153\047\142\311\121\375\145\160}{section.4}% 60
\BOOKMARK [2][-]{subsection.4.8}{\376\377\116\055\126\375\122\151\117\131\133\232\164\006\154\102\124\014\117\131\145\271\172\013\176\304}{section.4}% 61
\BOOKMARK [3][-]{subsubsection.4.8.1}{\376\377\175\040\145\160}{subsection.4.8}% 62
\BOOKMARK [3][-]{subsubsection.4.8.2}{\376\377\227\136\175\040\145\160}{subsection.4.8}% 63
\BOOKMARK [2][-]{subsection.4.9}{\376\377\145\160\120\074\213\241\173\227}{section.4}% 64
\BOOKMARK [3][-]{subsubsection.4.9.1}{\376\377\000F\000F\000T}{subsection.4.9}% 65
\BOOKMARK [3][-]{subsubsection.4.9.2}{\376\377\000F\000F\000T\116\214\217\333\122\066\123\315\217\154\225\356\230\230}{subsection.4.9}% 66
\BOOKMARK [3][-]{subsubsection.4.9.3}{\376\377\000N\000T\000T}{subsection.4.9}% 67
\BOOKMARK [2][-]{subsection.4.10}{\376\377\123\142\123\141\145\257\000L\000u\000c\000a\000s}{section.4}% 68
\BOOKMARK [3][-]{subsubsection.4.10.1}{\376\377\000L\000u\000c\000a\000s}{subsection.4.10}% 69
\BOOKMARK [3][-]{subsubsection.4.10.2}{\376\377\142\151\134\125\123\142\123\141\145\257\000E\000x\000L\000u\000c\000a\000s}{subsection.4.10}% 70
\BOOKMARK [2][-]{subsection.4.11}{\376\377\176\277\140\047\127\372}{section.4}% 71
\BOOKMARK [2][-]{subsection.4.12}{\376\377\201\352\220\002\136\224\217\233\146\156\150\356}{section.4}% 72
\BOOKMARK [2][-]{subsection.4.13}{\376\377\232\330\145\257\155\210\121\103\000G\000a\000u\000s\000e\000E\000l\000i\000m\000i\000n\000a\000t\000i\000o\000n}{section.4}% 73
\BOOKMARK [2][-]{subsection.4.14}{\376\377\133\371\211\322\226\065\000G\000a\000u\000s\000s\000J\000o\000r\000d\000a\000n}{section.4}% 74
\BOOKMARK [2][-]{subsection.4.15}{\376\377\174\163\122\322\177\127\133\276\175\040\145\160\155\113\213\325\000M\000i\000l\000l\000e\000r\000R\000a\000b\000i\000n}{section.4}% 75
\BOOKMARK [2][-]{subsection.4.16}{\376\377\152\041\145\271\172\013\000\050\123\357\227\136\175\040\145\160\000\051}{section.4}% 76
\BOOKMARK [1][-]{section.5}{\376\377\133\127\173\046\116\062\000S\000t\000r\000i\000n\000g}{}% 77
\BOOKMARK [2][-]{subsection.5.1}{\376\377\133\127\121\170\150\021\000T\000r\000i\000e}{section.5}% 78
\BOOKMARK [2][-]{subsection.5.2}{\376\377\000K\000M\000P}{section.5}% 79
\BOOKMARK [2][-]{subsection.5.3}{\376\377\000A\000C\201\352\122\250\147\072}{section.5}% 80
\BOOKMARK [2][-]{subsection.5.4}{\376\377\126\336\145\207\150\021}{section.5}% 81
\BOOKMARK [1][-]{section.6}{\376\377\122\250\140\001\211\304\122\022\000D\000y\000n\000a\000m\000i\000c\000\040\000P\000r\000o\000g\000r\000a\000m\000m\000e}{}% 82
\BOOKMARK [2][-]{subsection.6.1}{\376\377\200\314\123\005}{section.6}% 83
\BOOKMARK [2][-]{subsection.6.2}{\376\377\145\305\210\114\125\106\000T\000S\000P}{section.6}% 84
\BOOKMARK [2][-]{subsection.6.3}{\376\377\145\160\117\115\000d\000p}{section.6}% 85
\BOOKMARK [1][-]{section.7}{\376\377\213\241\173\227\121\340\117\125\000C\000o\000m\000p\000u\000t\000a\000t\000i\000o\000n\000\040\000G\000e\000o\000m\000e\000t\000r\000y}{}% 86
\BOOKMARK [2][-]{subsection.7.1}{\376\377\127\006\000C\000i\000r\000c\000l\000e}{section.7}% 87
\BOOKMARK [3][-]{subsubsection.7.1.1}{\376\377\154\102\116\044\127\006\116\244\160\271}{subsection.7.1}% 88
\BOOKMARK [1][-]{section.8}{\376\377\121\166\133\203\000O\000t\000h\000e\000r}{}% 89
\BOOKMARK [2][-]{subsection.8.1}{\376\377\203\253\226\037}{section.8}% 90
\BOOKMARK [2][-]{subsection.8.2}{\376\377\171\273\145\143\123\026}{section.8}% 91
\BOOKMARK [2][-]{subsection.8.3}{\376\377\000S\000T\000L}{section.8}% 92
\BOOKMARK [2][-]{subsection.8.4}{\376\377\000p\000b\000d\000s}{section.8}% 93
\BOOKMARK [1][-]{section.9}{\376\377\217\223\121\145\217\223\121\372\000I\000O}{}% 94
\BOOKMARK [2][-]{subsection.9.1}{\376\377\000P\000y\000t\000h\000o\000n\217\223\121\145\217\223\121\372}{section.9}% 95
\BOOKMARK [2][-]{subsection.9.2}{\376\377\000J\000a\000v\000a\232\330\174\276\136\246\000B\000i\000g\000D\000e\000c\000i\000m\000a\000l}{section.9}% 96
